# JRE version: Java(TM) SE Runtime Environment 18.9 (11.0.15+8) (build 11.0.15+8-LTS-149)
# Java VM: Java HotSpot(TM) 64-Bit Server VM 18.9 (11.0.15+8-LTS-149, mixed mode, tiered, compressed oops, g1 gc, windows-amd64)
Heap:
 garbage-first heap   total 189440K, used 18321K [0x0000000080000000, 0x0000000100000000)
  region size 1024K, 9 young (9216K), 9 survivors (9216K)
 Metaspace       used 41807K, capacity 43326K, committed 43440K, reserved 1087488K
  class space    used 5199K, capacity 5843K, committed 5888K, reserved 1048576K
GC Heap History (10 events):
Event: 2.963 GC heap after
{Heap after GC invocations=5 (full 0):
 garbage-first heap   total 131072K, used 8134K [0x0000000080000000, 0x0000000100000000)
  region size 1024K, 3 young (3072K), 3 survivors (3072K)
 Metaspace       used 19596K, capacity 20202K, committed 20480K, reserved 1067008K
  class space    used 2161K, capacity 2433K, committed 2560K, reserved 1048576K
}
Event: 3.148 GC heap before
{Heap before GC invocations=5 (full 0):
 garbage-first heap   total 131072K, used 12230K [0x0000000080000000, 0x0000000100000000)
  region size 1024K, 8 young (8192K), 3 survivors (3072K)
 Metaspace       used 20409K, capacity 21113K, committed 21296K, reserved 1069056K
  class space    used 2280K, capacity 2591K, committed 2688K, reserved 1048576K
}
Event: 3.156 GC heap after
{Heap after GC invocations=6 (full 0):
 garbage-first heap   total 157696K, used 8511K [0x0000000080000000, 0x0000000100000000)
  region size 1024K, 3 young (3072K), 3 survivors (3072K)
 Metaspace       used 20409K, capacity 21113K, committed 21296K, reserved 1069056K
  class space    used 2280K, capacity 2591K, committed 2688K, reserved 1048576K
}
Event: 4.334 GC heap before
{Heap before GC invocations=7 (full 0):
 garbage-first heap   total 157696K, used 51519K [0x0000000080000000, 0x0000000100000000)
  region size 1024K, 46 young (47104K), 3 survivors (3072K)
 Metaspace       used 27619K, capacity 28459K, committed 28592K, reserved 1075200K
  class space    used 3205K, capacity 3561K, committed 3584K, reserved 1048576K
}
Event: 4.346 GC heap after
{Heap after GC invocations=8 (full 0):
 garbage-first heap   total 157696K, used 10015K [0x0000000080000000, 0x0000000100000000)
  region size 1024K, 4 young (4096K), 4 survivors (4096K)
 Metaspace       used 27619K, capacity 28459K, committed 28592K, reserved 1075200K
  class space    used 3205K, capacity 3561K, committed 3584K, reserved 1048576K
}
Event: 6.598 GC heap before
{Heap before GC invocations=8 (full 0):
 garbage-first heap   total 157696K, used 76575K [0x0000000080000000, 0x0000000100000000)
  region size 1024K, 70 young (71680K), 4 survivors (4096K)
 Metaspace       used 33791K, capacity 34896K, committed 35120K, reserved 1079296K
  class space    used 4022K, capacity 4472K, committed 4480K, reserved 1048576K
}
Event: 6.620 GC heap after
{Heap after GC invocations=9 (full 0):
 garbage-first heap   total 157696K, used 13087K [0x0000000080000000, 0x0000000100000000)
  region size 1024K, 7 young (7168K), 7 survivors (7168K)
 Metaspace       used 33791K, capacity 34896K, committed 35120K, reserved 1079296K
  class space    used 4022K, capacity 4472K, committed 4480K, reserved 1048576K
}
Event: 6.930 GC heap before
{Heap before GC invocations=9 (full 0):
 garbage-first heap   total 157696K, used 25375K [0x0000000080000000, 0x0000000100000000)
  region size 1024K, 20 young (20480K), 7 survivors (7168K)
 Metaspace       used 34599K, capacity 35726K, committed 35888K, reserved 1081344K
  class space    used 4141K, capacity 4621K, committed 4736K, reserved 1048576K
}
Event: 6.950 GC heap after
{Heap after GC invocations=10 (full 0):
 garbage-first heap   total 157696K, used 13983K [0x0000000080000000, 0x0000000100000000)
  region size 1024K, 6 young (6144K), 6 survivors (6144K)
 Metaspace       used 34599K, capacity 35726K, committed 35888K, reserved 1081344K
  class space    used 4141K, capacity 4621K, committed 4736K, reserved 1048576K
}
Event: 9.394 GC heap before
{Heap before GC invocations=11 (full 0):
 garbage-first heap   total 157696K, used 87711K [0x0000000080000000, 0x0000000100000000)
  region size 1024K, 78 young (79872K), 6 survivors (6144K)
 Metaspace       used 41807K, capacity 43326K, committed 43440K, reserved 1087488K
  class space    used 5199K, capacity 5843K, committed 5888K, reserved 1048576K
}

