# JRE version: Java(TM) SE Runtime Environment 18.9 (11.0.15+8) (build 11.0.15+8-LTS-149)
# Java VM: Java HotSpot(TM) 64-Bit Server VM 18.9 (11.0.15+8-LTS-149, mixed mode, tiered, compressed oops, g1 gc, windows-amd64)
Heap:
 garbage-first heap   total 236544K, used 35840K [0x0000000080000000, 0x0000000100000000)
  region size 1024K, 3 young (3072K), 3 survivors (3072K)
 Metaspace       used 34519K, capacity 35160K, committed 35456K, reserved 1081344K
  class space    used 3573K, capacity 3851K, committed 3968K, reserved 1048576K
GC Heap History (10 events):
Event: 1.593 GC heap after
{Heap after GC invocations=4 (full 0):
 garbage-first heap   total 131072K, used 4217K [0x0000000080000000, 0x0000000100000000)
  region size 1024K, 3 young (3072K), 3 survivors (3072K)
 Metaspace       used 14406K, capacity 14581K, committed 14720K, reserved 1062912K
  class space    used 1493K, capacity 1579K, committed 1664K, reserved 1048576K
}
Event: 3.047 GC heap before
{Heap before GC invocations=4 (full 0):
 garbage-first heap   total 131072K, used 34937K [0x0000000080000000, 0x0000000100000000)
  region size 1024K, 33 young (33792K), 3 survivors (3072K)
 Metaspace       used 19730K, capacity 20065K, committed 20224K, reserved 1067008K
  class space    used 2117K, capacity 2245K, committed 2304K, reserved 1048576K
}
Event: 3.063 GC heap after
{Heap after GC invocations=5 (full 0):
 garbage-first heap   total 157696K, used 7065K [0x0000000080000000, 0x0000000100000000)
  region size 1024K, 5 young (5120K), 5 survivors (5120K)
 Metaspace       used 19730K, capacity 20065K, committed 20224K, reserved 1067008K
  class space    used 2117K, capacity 2245K, committed 2304K, reserved 1048576K
}
Event: 4.532 GC heap before
{Heap before GC invocations=5 (full 0):
 garbage-first heap   total 157696K, used 59289K [0x0000000080000000, 0x0000000100000000)
  region size 1024K, 57 young (58368K), 5 survivors (5120K)
 Metaspace       used 20925K, capacity 21209K, committed 21248K, reserved 1069056K
  class space    used 2175K, capacity 2284K, committed 2304K, reserved 1048576K
}
Event: 4.580 GC heap after
{Heap after GC invocations=6 (full 0):
 garbage-first heap   total 157696K, used 11073K [0x0000000080000000, 0x0000000100000000)
  region size 1024K, 9 young (9216K), 9 survivors (9216K)
 Metaspace       used 20925K, capacity 21209K, committed 21248K, reserved 1069056K
  class space    used 2175K, capacity 2284K, committed 2304K, reserved 1048576K
}
Event: 7.373 GC heap before
{Heap before GC invocations=7 (full 0):
 garbage-first heap   total 157696K, used 69441K [0x0000000080000000, 0x0000000100000000)
  region size 1024K, 66 young (67584K), 9 survivors (9216K)
 Metaspace       used 30429K, capacity 31022K, committed 31232K, reserved 1077248K
  class space    used 3229K, capacity 3461K, committed 3584K, reserved 1048576K
}
Event: 7.414 GC heap after
{Heap after GC invocations=8 (full 0):
 garbage-first heap   total 157696K, used 19817K [0x0000000080000000, 0x0000000100000000)
  region size 1024K, 9 young (9216K), 9 survivors (9216K)
 Metaspace       used 30429K, capacity 31022K, committed 31232K, reserved 1077248K
  class space    used 3229K, capacity 3461K, committed 3584K, reserved 1048576K
}
Event: 9.773 GC heap before
{Heap before GC invocations=8 (full 0):
 garbage-first heap   total 157696K, used 81257K [0x0000000080000000, 0x0000000100000000)
  region size 1024K, 70 young (71680K), 9 survivors (9216K)
 Metaspace       used 32203K, capacity 32791K, committed 33024K, reserved 1079296K
  class space    used 3374K, capacity 3574K, committed 3584K, reserved 1048576K
}
Event: 9.827 GC heap after
{Heap after GC invocations=9 (full 0):
 garbage-first heap   total 157696K, used 36864K [0x0000000080000000, 0x0000000100000000)
  region size 1024K, 9 young (9216K), 9 survivors (9216K)
 Metaspace       used 32203K, capacity 32791K, committed 33024K, reserved 1079296K
  class space    used 3374K, capacity 3574K, committed 3584K, reserved 1048576K
}
Event: 11.643 GC heap before
{Heap before GC invocations=9 (full 0):
 garbage-first heap   total 157696K, used 95232K [0x0000000080000000, 0x0000000100000000)
  region size 1024K, 66 young (67584K), 9 survivors (9216K)
 Metaspace       used 34519K, capacity 35160K, committed 35456K, reserved 1081344K
  class space    used 3573K, capacity 3851K, committed 3968K, reserved 1048576K
}

