# JRE version: Java(TM) SE Runtime Environment 18.9 (11.0.15+8) (build 11.0.15+8-LTS-149)
# Java VM: Java HotSpot(TM) 64-Bit Server VM 18.9 (11.0.15+8-LTS-149, mixed mode, tiered, compressed oops, g1 gc, windows-amd64)
Heap:
 garbage-first heap   total 157696K, used 88576K [0x0000000080000000, 0x0000000100000000)
  region size 1024K, 62 young (63488K), 9 survivors (9216K)
 Metaspace       used 33337K, capacity 33988K, committed 34304K, reserved 1079296K
  class space    used 3480K, capacity 3722K, committed 3840K, reserved 1048576K
GC Heap History (10 events):
Event: 1.974 GC heap before
{Heap before GC invocations=3 (full 0):
 garbage-first heap   total 131072K, used 21964K [0x0000000080000000, 0x0000000100000000)
  region size 1024K, 20 young (20480K), 2 survivors (2048K)
 Metaspace       used 14844K, capacity 15072K, committed 15360K, reserved 1062912K
  class space    used 1558K, capacity 1681K, committed 1792K, reserved 1048576K
}
Event: 1.981 GC heap after
{Heap after GC invocations=4 (full 0):
 garbage-first heap   total 131072K, used 4401K [0x0000000080000000, 0x0000000100000000)
  region size 1024K, 3 young (3072K), 3 survivors (3072K)
 Metaspace       used 14844K, capacity 15072K, committed 15360K, reserved 1062912K
  class space    used 1558K, capacity 1681K, committed 1792K, reserved 1048576K
}
Event: 3.395 GC heap before
{Heap before GC invocations=4 (full 0):
 garbage-first heap   total 131072K, used 38193K [0x0000000080000000, 0x0000000100000000)
  region size 1024K, 36 young (36864K), 3 survivors (3072K)
 Metaspace       used 19829K, capacity 20200K, committed 20480K, reserved 1067008K
  class space    used 2119K, capacity 2247K, committed 2304K, reserved 1048576K
}
Event: 3.416 GC heap after
{Heap after GC invocations=5 (full 0):
 garbage-first heap   total 157696K, used 7415K [0x0000000080000000, 0x0000000100000000)
  region size 1024K, 5 young (5120K), 5 survivors (5120K)
 Metaspace       used 19829K, capacity 20200K, committed 20480K, reserved 1067008K
  class space    used 2119K, capacity 2247K, committed 2304K, reserved 1048576K
}
Event: 4.778 GC heap before
{Heap before GC invocations=5 (full 0):
 garbage-first heap   total 157696K, used 52471K [0x0000000080000000, 0x0000000100000000)
  region size 1024K, 50 young (51200K), 5 survivors (5120K)
 Metaspace       used 20912K, capacity 21203K, committed 21248K, reserved 1069056K
  class space    used 2176K, capacity 2282K, committed 2304K, reserved 1048576K
}
Event: 4.801 GC heap after
{Heap after GC invocations=6 (full 0):
 garbage-first heap   total 157696K, used 11349K [0x0000000080000000, 0x0000000100000000)
  region size 1024K, 9 young (9216K), 9 survivors (9216K)
 Metaspace       used 20912K, capacity 21203K, committed 21248K, reserved 1069056K
  class space    used 2176K, capacity 2282K, committed 2304K, reserved 1048576K
}
Event: 7.495 GC heap before
{Heap before GC invocations=7 (full 0):
 garbage-first heap   total 157696K, used 64597K [0x0000000080000000, 0x0000000100000000)
  region size 1024K, 61 young (62464K), 9 survivors (9216K)
 Metaspace       used 30307K, capacity 30866K, committed 31104K, reserved 1077248K
  class space    used 3223K, capacity 3453K, committed 3456K, reserved 1048576K
}
Event: 7.532 GC heap after
{Heap after GC invocations=8 (full 0):
 garbage-first heap   total 157696K, used 19426K [0x0000000080000000, 0x0000000100000000)
  region size 1024K, 8 young (8192K), 8 survivors (8192K)
 Metaspace       used 30307K, capacity 30866K, committed 31104K, reserved 1077248K
  class space    used 3223K, capacity 3453K, committed 3456K, reserved 1048576K
}
Event: 10.087 GC heap before
{Heap before GC invocations=8 (full 0):
 garbage-first heap   total 157696K, used 78818K [0x0000000080000000, 0x0000000100000000)
  region size 1024K, 67 young (68608K), 8 survivors (8192K)
 Metaspace       used 32127K, capacity 32631K, committed 32768K, reserved 1079296K
  class space    used 3369K, capacity 3565K, committed 3584K, reserved 1048576K
}
Event: 10.132 GC heap after
{Heap after GC invocations=9 (full 0):
 garbage-first heap   total 157696K, used 35328K [0x0000000080000000, 0x0000000100000000)
  region size 1024K, 9 young (9216K), 9 survivors (9216K)
 Metaspace       used 32127K, capacity 32631K, committed 32768K, reserved 1079296K
  class space    used 3369K, capacity 3565K, committed 3584K, reserved 1048576K
}

